2021-05-24_12-41-24 INFO paragraph parser
2021-05-24_12-41-24 INFO sentence parser
2021-05-24_12-41-24 INFO lexeme parser
2021-05-24_12-41-24 INFO symbol parser
2021-05-24_12-41-24 INFO end of chain
2021-05-24_12-41-24 INFO lexeme parser
2021-05-24_12-41-24 INFO symbol parser
2021-05-24_12-41-24 INFO end of chain
2021-05-24_12-41-24 INFO lexeme parser
2021-05-24_12-41-24 INFO symbol parser
2021-05-24_12-41-24 INFO end of chain
2021-05-24_12-41-24 INFO lexeme parser
2021-05-24_12-41-24 INFO symbol parser
2021-05-24_12-41-24 INFO end of chain
2021-05-24_12-41-24 INFO lexeme parser
2021-05-24_12-41-24 INFO symbol parser
2021-05-24_12-41-24 INFO end of chain
2021-05-24_12-41-24 INFO lexeme parser
2021-05-24_12-41-24 INFO symbol parser
2021-05-24_12-41-24 INFO end of chain
