2021-05-24_12-29-35 INFO paragraph parser
2021-05-24_12-29-35 INFO sentence parser
2021-05-24_12-29-35 INFO lexeme parser
2021-05-24_12-29-35 INFO symbol parser
2021-05-24_12-29-35 INFO end of chain
2021-05-24_12-29-35 INFO lexeme parser
2021-05-24_12-29-35 INFO symbol parser
2021-05-24_12-29-35 INFO end of chain
2021-05-24_12-29-35 INFO lexeme parser
2021-05-24_12-29-35 INFO symbol parser
2021-05-24_12-29-35 INFO end of chain
2021-05-24_12-29-35 INFO lexeme parser
2021-05-24_12-29-35 INFO symbol parser
2021-05-24_12-29-35 INFO end of chain
2021-05-24_12-29-35 INFO lexeme parser
2021-05-24_12-29-35 INFO symbol parser
2021-05-24_12-29-35 INFO end of chain
2021-05-24_12-29-35 INFO lexeme parser
2021-05-24_12-29-35 INFO symbol parser
2021-05-24_12-29-35 INFO end of chain
